2017-08-10 09:29:31,886 INFO [org.jasig.cas.services.DefaultServicesManagerImpl] - Loaded 1 services.
2017-08-10 09:29:32,038 WARN [org.jasig.cas.authentication.handler.support.SimpleTestUsernamePasswordAuthenticationHandler] - org.jasig.cas.authentication.handler.support.SimpleTestUsernamePasswordAuthenticationHandler is only to be used in a testing environment.  NEVER enable this in a production environment.
2017-08-10 09:29:32,497 INFO [org.jasig.cas.util.AutowiringSchedulerFactoryBean] - Starting Quartz Scheduler now
2017-08-10 09:29:43,956 INFO [org.jasig.cas.web.flow.InitialFlowSetupAction] - Setting path for cookies to: /
2017-08-10 09:29:43,956 INFO [org.jasig.cas.web.flow.InitialFlowSetupAction] - Setting path for cookies to: /
2017-08-10 09:29:51,685 INFO [org.jasig.cas.ticket.registry.support.DefaultTicketRegistryCleaner] - Beginning ticket cleanup.
2017-08-10 09:29:51,685 INFO [org.jasig.cas.ticket.registry.support.DefaultTicketRegistryCleaner] - 0 tickets found to be removed.
2017-08-10 09:29:51,686 INFO [org.jasig.cas.ticket.registry.support.DefaultTicketRegistryCleaner] - Finished ticket cleanup.
2017-08-10 09:29:52,178 INFO [org.jasig.cas.authentication.AuthenticationManagerImpl] - org.jasig.cas.authentication.handler.support.SimpleTestUsernamePasswordAuthenticationHandler failed to authenticate [username: admin]
2017-08-10 09:29:52,182 INFO [com.github.inspektr.audit.support.Slf4jLoggingAuditTrailManager] - Audit trail record BEGIN
=============================================================
WHO: [username: admin]
WHAT: supplied credentials: [username: admin]
ACTION: AUTHENTICATION_FAILED
APPLICATION: CAS
WHEN: Thu Aug 10 09:29:52 CST 2017
CLIENT IP ADDRESS: 0:0:0:0:0:0:0:1
SERVER IP ADDRESS: 0:0:0:0:0:0:0:1
=============================================================


2017-08-10 09:29:52,184 INFO [com.github.inspektr.audit.support.Slf4jLoggingAuditTrailManager] - Audit trail record BEGIN
=============================================================
WHO: [username: admin]
WHAT: error.authentication.credentials.bad
ACTION: TICKET_GRANTING_TICKET_NOT_CREATED
APPLICATION: CAS
WHEN: Thu Aug 10 09:29:52 CST 2017
CLIENT IP ADDRESS: 0:0:0:0:0:0:0:1
SERVER IP ADDRESS: 0:0:0:0:0:0:0:1
=============================================================


2017-08-10 09:30:02,944 INFO [org.jasig.cas.authentication.AuthenticationManagerImpl] - org.jasig.cas.authentication.handler.support.SimpleTestUsernamePasswordAuthenticationHandler successfully authenticated [username: admin]
2017-08-10 09:30:02,946 INFO [org.jasig.cas.authentication.AuthenticationManagerImpl] - Resolved principal admin
2017-08-10 09:30:02,946 INFO [org.jasig.cas.authentication.AuthenticationManagerImpl] - org.jasig.cas.authentication.handler.support.SimpleTestUsernamePasswordAuthenticationHandler@22d7fd41 authenticated admin with credential [username: admin].
2017-08-10 09:30:02,948 INFO [com.github.inspektr.audit.support.Slf4jLoggingAuditTrailManager] - Audit trail record BEGIN
=============================================================
WHO: [username: admin]
WHAT: supplied credentials: [username: admin]
ACTION: AUTHENTICATION_SUCCESS
APPLICATION: CAS
WHEN: Thu Aug 10 09:30:02 CST 2017
CLIENT IP ADDRESS: 0:0:0:0:0:0:0:1
SERVER IP ADDRESS: 0:0:0:0:0:0:0:1
=============================================================


2017-08-10 09:30:02,953 INFO [com.github.inspektr.audit.support.Slf4jLoggingAuditTrailManager] - Audit trail record BEGIN
=============================================================
WHO: [username: admin]
WHAT: TGT-1-DZADIaFy5lHoJfH5KB3FldmATIQjAKhWGLgNJo2aY2KpyF6Cf9-cas01.example.org
ACTION: TICKET_GRANTING_TICKET_CREATED
APPLICATION: CAS
WHEN: Thu Aug 10 09:30:02 CST 2017
CLIENT IP ADDRESS: 0:0:0:0:0:0:0:1
SERVER IP ADDRESS: 0:0:0:0:0:0:0:1
=============================================================


2017-08-10 09:31:31,927 INFO [org.jasig.cas.services.DefaultServicesManagerImpl] - Reloading registered services.
2017-08-10 09:31:31,928 INFO [org.jasig.cas.services.DefaultServicesManagerImpl] - Loaded 1 services.
2017-08-10 09:33:31,924 INFO [org.jasig.cas.services.DefaultServicesManagerImpl] - Reloading registered services.
2017-08-10 09:33:31,924 INFO [org.jasig.cas.services.DefaultServicesManagerImpl] - Loaded 1 services.
2017-08-10 09:35:31,922 INFO [org.jasig.cas.services.DefaultServicesManagerImpl] - Reloading registered services.
2017-08-10 09:35:31,923 INFO [org.jasig.cas.services.DefaultServicesManagerImpl] - Loaded 1 services.
2017-08-10 09:37:31,922 INFO [org.jasig.cas.services.DefaultServicesManagerImpl] - Reloading registered services.
2017-08-10 09:37:31,923 INFO [org.jasig.cas.services.DefaultServicesManagerImpl] - Loaded 1 services.
2017-08-10 10:35:00,233 ERROR [org.jasig.cas.web.init.SafeContextLoaderListener] - SafeContextLoaderListener: 
The Spring ContextLoaderListener we wrap threw on contextInitialized.
But for our having caught this error, the web application context would not have initialized.
org.springframework.beans.factory.BeanDefinitionStoreException: Invalid bean definition with name 'dataSource' defined in ServletContext resource [/WEB-INF/deployerConfigContext.xml]: Could not resolve placeholder 'jdbc.driver'
	at org.springframework.beans.factory.config.PlaceholderConfigurerSupport.doProcessProperties(PlaceholderConfigurerSupport.java:209)
	at org.springframework.beans.factory.config.PropertyPlaceholderConfigurer.processProperties(PropertyPlaceholderConfigurer.java:220)
	at org.springframework.beans.factory.config.PropertyResourceConfigurer.postProcessBeanFactory(PropertyResourceConfigurer.java:84)
	at org.springframework.context.support.AbstractApplicationContext.invokeBeanFactoryPostProcessors(AbstractApplicationContext.java:681)
	at org.springframework.context.support.AbstractApplicationContext.invokeBeanFactoryPostProcessors(AbstractApplicationContext.java:656)
	at org.springframework.context.support.AbstractApplicationContext.refresh(AbstractApplicationContext.java:446)
	at org.springframework.web.context.ContextLoader.configureAndRefreshWebApplicationContext(ContextLoader.java:385)
	at org.springframework.web.context.ContextLoader.initWebApplicationContext(ContextLoader.java:284)
	at org.springframework.web.context.ContextLoaderListener.contextInitialized(ContextLoaderListener.java:111)
	at org.jasig.cas.web.init.SafeContextLoaderListener.contextInitialized_aroundBody0(SafeContextLoaderListener.java:75)
	at org.jasig.cas.web.init.SafeContextLoaderListener.contextInitialized_aroundBody1$advice(SafeContextLoaderListener.java:57)
	at org.jasig.cas.web.init.SafeContextLoaderListener.contextInitialized(SafeContextLoaderListener.java:1)
	at org.eclipse.jetty.server.handler.ContextHandler.callContextInitialized(ContextHandler.java:782)
	at org.eclipse.jetty.servlet.ServletContextHandler.callContextInitialized(ServletContextHandler.java:424)
	at org.eclipse.jetty.server.handler.ContextHandler.startContext(ContextHandler.java:774)
	at org.eclipse.jetty.servlet.ServletContextHandler.startContext(ServletContextHandler.java:249)
	at org.eclipse.jetty.webapp.WebAppContext.startContext(WebAppContext.java:1242)
	at org.eclipse.jetty.server.handler.ContextHandler.doStart(ContextHandler.java:717)
	at org.eclipse.jetty.webapp.WebAppContext.doStart(WebAppContext.java:494)
	at org.eclipse.jetty.util.component.AbstractLifeCycle.start(AbstractLifeCycle.java:64)
	at org.eclipse.jetty.server.handler.HandlerWrapper.doStart(HandlerWrapper.java:95)
	at org.eclipse.jetty.server.Server.doStart(Server.java:282)
	at org.eclipse.jetty.util.component.AbstractLifeCycle.start(AbstractLifeCycle.java:64)
	at net.sourceforge.eclipsejetty.starter.embedded.JettyEmbeddedAdapter.start(JettyEmbeddedAdapter.java:67)
	at net.sourceforge.eclipsejetty.starter.common.AbstractJettyLauncherMain.launch(AbstractJettyLauncherMain.java:84)
	at net.sourceforge.eclipsejetty.starter.embedded.JettyEmbeddedLauncherMain.main(JettyEmbeddedLauncherMain.java:42)
2017-08-10 10:37:55,122 ERROR [org.jasig.cas.web.init.SafeContextLoaderListener] - SafeContextLoaderListener: 
The Spring ContextLoaderListener we wrap threw on contextInitialized.
But for our having caught this error, the web application context would not have initialized.
org.springframework.beans.factory.BeanDefinitionStoreException: Invalid bean definition with name 'dataSource' defined in ServletContext resource [/WEB-INF/deployerConfigContext.xml]: Could not resolve placeholder 'jdbc.url'
	at org.springframework.beans.factory.config.PlaceholderConfigurerSupport.doProcessProperties(PlaceholderConfigurerSupport.java:209)
	at org.springframework.beans.factory.config.PropertyPlaceholderConfigurer.processProperties(PropertyPlaceholderConfigurer.java:220)
	at org.springframework.beans.factory.config.PropertyResourceConfigurer.postProcessBeanFactory(PropertyResourceConfigurer.java:84)
	at org.springframework.context.support.AbstractApplicationContext.invokeBeanFactoryPostProcessors(AbstractApplicationContext.java:681)
	at org.springframework.context.support.AbstractApplicationContext.invokeBeanFactoryPostProcessors(AbstractApplicationContext.java:656)
	at org.springframework.context.support.AbstractApplicationContext.refresh(AbstractApplicationContext.java:446)
	at org.springframework.web.context.ContextLoader.configureAndRefreshWebApplicationContext(ContextLoader.java:385)
	at org.springframework.web.context.ContextLoader.initWebApplicationContext(ContextLoader.java:284)
	at org.springframework.web.context.ContextLoaderListener.contextInitialized(ContextLoaderListener.java:111)
	at org.jasig.cas.web.init.SafeContextLoaderListener.contextInitialized_aroundBody0(SafeContextLoaderListener.java:75)
	at org.jasig.cas.web.init.SafeContextLoaderListener.contextInitialized_aroundBody1$advice(SafeContextLoaderListener.java:57)
	at org.jasig.cas.web.init.SafeContextLoaderListener.contextInitialized(SafeContextLoaderListener.java:1)
	at org.eclipse.jetty.server.handler.ContextHandler.callContextInitialized(ContextHandler.java:782)
	at org.eclipse.jetty.servlet.ServletContextHandler.callContextInitialized(ServletContextHandler.java:424)
	at org.eclipse.jetty.server.handler.ContextHandler.startContext(ContextHandler.java:774)
	at org.eclipse.jetty.servlet.ServletContextHandler.startContext(ServletContextHandler.java:249)
	at org.eclipse.jetty.webapp.WebAppContext.startContext(WebAppContext.java:1242)
	at org.eclipse.jetty.server.handler.ContextHandler.doStart(ContextHandler.java:717)
	at org.eclipse.jetty.webapp.WebAppContext.doStart(WebAppContext.java:494)
	at org.eclipse.jetty.util.component.AbstractLifeCycle.start(AbstractLifeCycle.java:64)
	at org.eclipse.jetty.server.handler.HandlerWrapper.doStart(HandlerWrapper.java:95)
	at org.eclipse.jetty.server.Server.doStart(Server.java:282)
	at org.eclipse.jetty.util.component.AbstractLifeCycle.start(AbstractLifeCycle.java:64)
	at net.sourceforge.eclipsejetty.starter.embedded.JettyEmbeddedAdapter.start(JettyEmbeddedAdapter.java:67)
	at net.sourceforge.eclipsejetty.starter.common.AbstractJettyLauncherMain.launch(AbstractJettyLauncherMain.java:84)
	at net.sourceforge.eclipsejetty.starter.embedded.JettyEmbeddedLauncherMain.main(JettyEmbeddedLauncherMain.java:42)
2017-08-10 10:39:49,976 ERROR [org.jasig.cas.web.init.SafeContextLoaderListener] - SafeContextLoaderListener: 
The Spring ContextLoaderListener we wrap threw on contextInitialized.
But for our having caught this error, the web application context would not have initialized.
org.springframework.beans.factory.BeanDefinitionStoreException: Invalid bean definition with name 'dataSource' defined in ServletContext resource [/WEB-INF/deployerConfigContext.xml]: Could not resolve placeholder 'jdbc.driver'
	at org.springframework.beans.factory.config.PlaceholderConfigurerSupport.doProcessProperties(PlaceholderConfigurerSupport.java:209)
	at org.springframework.beans.factory.config.PropertyPlaceholderConfigurer.processProperties(PropertyPlaceholderConfigurer.java:220)
	at org.springframework.beans.factory.config.PropertyResourceConfigurer.postProcessBeanFactory(PropertyResourceConfigurer.java:84)
	at org.springframework.context.support.AbstractApplicationContext.invokeBeanFactoryPostProcessors(AbstractApplicationContext.java:681)
	at org.springframework.context.support.AbstractApplicationContext.invokeBeanFactoryPostProcessors(AbstractApplicationContext.java:656)
	at org.springframework.context.support.AbstractApplicationContext.refresh(AbstractApplicationContext.java:446)
	at org.springframework.web.context.ContextLoader.configureAndRefreshWebApplicationContext(ContextLoader.java:385)
	at org.springframework.web.context.ContextLoader.initWebApplicationContext(ContextLoader.java:284)
	at org.springframework.web.context.ContextLoaderListener.contextInitialized(ContextLoaderListener.java:111)
	at org.jasig.cas.web.init.SafeContextLoaderListener.contextInitialized_aroundBody0(SafeContextLoaderListener.java:75)
	at org.jasig.cas.web.init.SafeContextLoaderListener.contextInitialized_aroundBody1$advice(SafeContextLoaderListener.java:57)
	at org.jasig.cas.web.init.SafeContextLoaderListener.contextInitialized(SafeContextLoaderListener.java:1)
	at org.eclipse.jetty.server.handler.ContextHandler.callContextInitialized(ContextHandler.java:782)
	at org.eclipse.jetty.servlet.ServletContextHandler.callContextInitialized(ServletContextHandler.java:424)
	at org.eclipse.jetty.server.handler.ContextHandler.startContext(ContextHandler.java:774)
	at org.eclipse.jetty.servlet.ServletContextHandler.startContext(ServletContextHandler.java:249)
	at org.eclipse.jetty.webapp.WebAppContext.startContext(WebAppContext.java:1242)
	at org.eclipse.jetty.server.handler.ContextHandler.doStart(ContextHandler.java:717)
	at org.eclipse.jetty.webapp.WebAppContext.doStart(WebAppContext.java:494)
	at org.eclipse.jetty.util.component.AbstractLifeCycle.start(AbstractLifeCycle.java:64)
	at org.eclipse.jetty.server.handler.HandlerWrapper.doStart(HandlerWrapper.java:95)
	at org.eclipse.jetty.server.Server.doStart(Server.java:282)
	at org.eclipse.jetty.util.component.AbstractLifeCycle.start(AbstractLifeCycle.java:64)
	at net.sourceforge.eclipsejetty.starter.embedded.JettyEmbeddedAdapter.start(JettyEmbeddedAdapter.java:67)
	at net.sourceforge.eclipsejetty.starter.common.AbstractJettyLauncherMain.launch(AbstractJettyLauncherMain.java:84)
	at net.sourceforge.eclipsejetty.starter.embedded.JettyEmbeddedLauncherMain.main(JettyEmbeddedLauncherMain.java:42)
2017-08-10 10:42:36,438 ERROR [org.jasig.cas.web.init.SafeContextLoaderListener] - SafeContextLoaderListener: 
The Spring ContextLoaderListener we wrap threw on contextInitialized.
But for our having caught this error, the web application context would not have initialized.
org.springframework.beans.factory.BeanDefinitionStoreException: Invalid bean definition with name 'dataSource' defined in ServletContext resource [/WEB-INF/deployerConfigContext.xml]: Could not resolve placeholder 'jdbc.driver'
	at org.springframework.beans.factory.config.PlaceholderConfigurerSupport.doProcessProperties(PlaceholderConfigurerSupport.java:209)
	at org.springframework.beans.factory.config.PropertyPlaceholderConfigurer.processProperties(PropertyPlaceholderConfigurer.java:220)
	at org.springframework.beans.factory.config.PropertyResourceConfigurer.postProcessBeanFactory(PropertyResourceConfigurer.java:84)
	at org.springframework.context.support.AbstractApplicationContext.invokeBeanFactoryPostProcessors(AbstractApplicationContext.java:681)
	at org.springframework.context.support.AbstractApplicationContext.invokeBeanFactoryPostProcessors(AbstractApplicationContext.java:656)
	at org.springframework.context.support.AbstractApplicationContext.refresh(AbstractApplicationContext.java:446)
	at org.springframework.web.context.ContextLoader.configureAndRefreshWebApplicationContext(ContextLoader.java:385)
	at org.springframework.web.context.ContextLoader.initWebApplicationContext(ContextLoader.java:284)
	at org.springframework.web.context.ContextLoaderListener.contextInitialized(ContextLoaderListener.java:111)
	at org.jasig.cas.web.init.SafeContextLoaderListener.contextInitialized_aroundBody0(SafeContextLoaderListener.java:75)
	at org.jasig.cas.web.init.SafeContextLoaderListener.contextInitialized_aroundBody1$advice(SafeContextLoaderListener.java:57)
	at org.jasig.cas.web.init.SafeContextLoaderListener.contextInitialized(SafeContextLoaderListener.java:1)
	at org.eclipse.jetty.server.handler.ContextHandler.callContextInitialized(ContextHandler.java:782)
	at org.eclipse.jetty.servlet.ServletContextHandler.callContextInitialized(ServletContextHandler.java:424)
	at org.eclipse.jetty.server.handler.ContextHandler.startContext(ContextHandler.java:774)
	at org.eclipse.jetty.servlet.ServletContextHandler.startContext(ServletContextHandler.java:249)
	at org.eclipse.jetty.webapp.WebAppContext.startContext(WebAppContext.java:1242)
	at org.eclipse.jetty.server.handler.ContextHandler.doStart(ContextHandler.java:717)
	at org.eclipse.jetty.webapp.WebAppContext.doStart(WebAppContext.java:494)
	at org.eclipse.jetty.util.component.AbstractLifeCycle.start(AbstractLifeCycle.java:64)
	at org.eclipse.jetty.server.handler.HandlerWrapper.doStart(HandlerWrapper.java:95)
	at org.eclipse.jetty.server.Server.doStart(Server.java:282)
	at org.eclipse.jetty.util.component.AbstractLifeCycle.start(AbstractLifeCycle.java:64)
	at net.sourceforge.eclipsejetty.starter.embedded.JettyEmbeddedAdapter.start(JettyEmbeddedAdapter.java:67)
	at net.sourceforge.eclipsejetty.starter.common.AbstractJettyLauncherMain.launch(AbstractJettyLauncherMain.java:84)
	at net.sourceforge.eclipsejetty.starter.embedded.JettyEmbeddedLauncherMain.main(JettyEmbeddedLauncherMain.java:42)
2017-08-10 10:43:55,894 ERROR [org.jasig.cas.web.init.SafeContextLoaderListener] - SafeContextLoaderListener: 
The Spring ContextLoaderListener we wrap threw on contextInitialized.
But for our having caught this error, the web application context would not have initialized.
org.springframework.beans.factory.BeanDefinitionStoreException: Invalid bean definition with name 'dataSource' defined in ServletContext resource [/WEB-INF/deployerConfigContext.xml]: Could not resolve placeholder 'jdbc.driver'
	at org.springframework.beans.factory.config.PlaceholderConfigurerSupport.doProcessProperties(PlaceholderConfigurerSupport.java:209)
	at org.springframework.beans.factory.config.PropertyPlaceholderConfigurer.processProperties(PropertyPlaceholderConfigurer.java:220)
	at org.springframework.beans.factory.config.PropertyResourceConfigurer.postProcessBeanFactory(PropertyResourceConfigurer.java:84)
	at org.springframework.context.support.AbstractApplicationContext.invokeBeanFactoryPostProcessors(AbstractApplicationContext.java:681)
	at org.springframework.context.support.AbstractApplicationContext.invokeBeanFactoryPostProcessors(AbstractApplicationContext.java:656)
	at org.springframework.context.support.AbstractApplicationContext.refresh(AbstractApplicationContext.java:446)
	at org.springframework.web.context.ContextLoader.configureAndRefreshWebApplicationContext(ContextLoader.java:385)
	at org.springframework.web.context.ContextLoader.initWebApplicationContext(ContextLoader.java:284)
	at org.springframework.web.context.ContextLoaderListener.contextInitialized(ContextLoaderListener.java:111)
	at org.jasig.cas.web.init.SafeContextLoaderListener.contextInitialized_aroundBody0(SafeContextLoaderListener.java:75)
	at org.jasig.cas.web.init.SafeContextLoaderListener.contextInitialized_aroundBody1$advice(SafeContextLoaderListener.java:57)
	at org.jasig.cas.web.init.SafeContextLoaderListener.contextInitialized(SafeContextLoaderListener.java:1)
	at org.eclipse.jetty.server.handler.ContextHandler.callContextInitialized(ContextHandler.java:782)
	at org.eclipse.jetty.servlet.ServletContextHandler.callContextInitialized(ServletContextHandler.java:424)
	at org.eclipse.jetty.server.handler.ContextHandler.startContext(ContextHandler.java:774)
	at org.eclipse.jetty.servlet.ServletContextHandler.startContext(ServletContextHandler.java:249)
	at org.eclipse.jetty.webapp.WebAppContext.startContext(WebAppContext.java:1242)
	at org.eclipse.jetty.server.handler.ContextHandler.doStart(ContextHandler.java:717)
	at org.eclipse.jetty.webapp.WebAppContext.doStart(WebAppContext.java:494)
	at org.eclipse.jetty.util.component.AbstractLifeCycle.start(AbstractLifeCycle.java:64)
	at org.eclipse.jetty.server.handler.HandlerWrapper.doStart(HandlerWrapper.java:95)
	at org.eclipse.jetty.server.Server.doStart(Server.java:282)
	at org.eclipse.jetty.util.component.AbstractLifeCycle.start(AbstractLifeCycle.java:64)
	at net.sourceforge.eclipsejetty.starter.embedded.JettyEmbeddedAdapter.start(JettyEmbeddedAdapter.java:67)
	at net.sourceforge.eclipsejetty.starter.common.AbstractJettyLauncherMain.launch(AbstractJettyLauncherMain.java:84)
	at net.sourceforge.eclipsejetty.starter.embedded.JettyEmbeddedLauncherMain.main(JettyEmbeddedLauncherMain.java:42)
2017-08-10 10:47:59,313 ERROR [org.jasig.cas.web.init.SafeContextLoaderListener] - SafeContextLoaderListener: 
The Spring ContextLoaderListener we wrap threw on contextInitialized.
But for our having caught this error, the web application context would not have initialized.
org.springframework.beans.factory.BeanDefinitionStoreException: Invalid bean definition with name 'dataSource' defined in ServletContext resource [/WEB-INF/deployerConfigContext.xml]: Could not resolve placeholder 'jdbc.driver'
	at org.springframework.beans.factory.config.PlaceholderConfigurerSupport.doProcessProperties(PlaceholderConfigurerSupport.java:209)
	at org.springframework.beans.factory.config.PropertyPlaceholderConfigurer.processProperties(PropertyPlaceholderConfigurer.java:220)
	at org.springframework.beans.factory.config.PropertyResourceConfigurer.postProcessBeanFactory(PropertyResourceConfigurer.java:84)
	at org.springframework.context.support.AbstractApplicationContext.invokeBeanFactoryPostProcessors(AbstractApplicationContext.java:681)
	at org.springframework.context.support.AbstractApplicationContext.invokeBeanFactoryPostProcessors(AbstractApplicationContext.java:656)
	at org.springframework.context.support.AbstractApplicationContext.refresh(AbstractApplicationContext.java:446)
	at org.springframework.web.context.ContextLoader.configureAndRefreshWebApplicationContext(ContextLoader.java:385)
	at org.springframework.web.context.ContextLoader.initWebApplicationContext(ContextLoader.java:284)
	at org.springframework.web.context.ContextLoaderListener.contextInitialized(ContextLoaderListener.java:111)
	at org.jasig.cas.web.init.SafeContextLoaderListener.contextInitialized_aroundBody0(SafeContextLoaderListener.java:75)
	at org.jasig.cas.web.init.SafeContextLoaderListener.contextInitialized_aroundBody1$advice(SafeContextLoaderListener.java:57)
	at org.jasig.cas.web.init.SafeContextLoaderListener.contextInitialized(SafeContextLoaderListener.java:1)
	at org.eclipse.jetty.server.handler.ContextHandler.callContextInitialized(ContextHandler.java:782)
	at org.eclipse.jetty.servlet.ServletContextHandler.callContextInitialized(ServletContextHandler.java:424)
	at org.eclipse.jetty.server.handler.ContextHandler.startContext(ContextHandler.java:774)
	at org.eclipse.jetty.servlet.ServletContextHandler.startContext(ServletContextHandler.java:249)
	at org.eclipse.jetty.webapp.WebAppContext.startContext(WebAppContext.java:1242)
	at org.eclipse.jetty.server.handler.ContextHandler.doStart(ContextHandler.java:717)
	at org.eclipse.jetty.webapp.WebAppContext.doStart(WebAppContext.java:494)
	at org.eclipse.jetty.util.component.AbstractLifeCycle.start(AbstractLifeCycle.java:64)
	at org.eclipse.jetty.server.handler.HandlerWrapper.doStart(HandlerWrapper.java:95)
	at org.eclipse.jetty.server.Server.doStart(Server.java:282)
	at org.eclipse.jetty.util.component.AbstractLifeCycle.start(AbstractLifeCycle.java:64)
	at net.sourceforge.eclipsejetty.starter.embedded.JettyEmbeddedAdapter.start(JettyEmbeddedAdapter.java:67)
	at net.sourceforge.eclipsejetty.starter.common.AbstractJettyLauncherMain.launch(AbstractJettyLauncherMain.java:84)
	at net.sourceforge.eclipsejetty.starter.embedded.JettyEmbeddedLauncherMain.main(JettyEmbeddedLauncherMain.java:42)
2017-08-10 10:49:38,891 INFO [org.jasig.cas.services.DefaultServicesManagerImpl] - Loaded 1 services.
2017-08-10 10:49:41,669 INFO [org.jasig.cas.util.AutowiringSchedulerFactoryBean] - Starting Quartz Scheduler now
2017-08-10 10:50:51,372 INFO [org.jasig.cas.services.DefaultServicesManagerImpl] - Loaded 1 services.
2017-08-10 10:50:54,066 INFO [org.jasig.cas.util.AutowiringSchedulerFactoryBean] - Starting Quartz Scheduler now
2017-08-10 10:51:06,117 INFO [org.jasig.cas.web.flow.InitialFlowSetupAction] - Setting path for cookies to: /
2017-08-10 10:51:06,117 INFO [org.jasig.cas.web.flow.InitialFlowSetupAction] - Setting path for cookies to: /
2017-08-10 10:51:11,265 INFO [org.jasig.cas.ticket.registry.support.DefaultTicketRegistryCleaner] - Beginning ticket cleanup.
2017-08-10 10:51:11,266 INFO [org.jasig.cas.ticket.registry.support.DefaultTicketRegistryCleaner] - 0 tickets found to be removed.
2017-08-10 10:51:11,266 INFO [org.jasig.cas.ticket.registry.support.DefaultTicketRegistryCleaner] - Finished ticket cleanup.
2017-08-10 10:51:22,471 INFO [org.jasig.cas.authentication.AuthenticationManagerImpl] - org.jasig.cas.adaptors.jdbc.QueryDatabaseAuthenticationHandler failed to authenticate [username: 123123]
2017-08-10 10:51:22,475 INFO [com.github.inspektr.audit.support.Slf4jLoggingAuditTrailManager] - Audit trail record BEGIN
=============================================================
WHO: [username: 123123]
WHAT: supplied credentials: [username: 123123]
ACTION: AUTHENTICATION_FAILED
APPLICATION: CAS
WHEN: Thu Aug 10 10:51:22 CST 2017
CLIENT IP ADDRESS: 0:0:0:0:0:0:0:1
SERVER IP ADDRESS: 0:0:0:0:0:0:0:1
=============================================================


2017-08-10 10:51:22,477 INFO [com.github.inspektr.audit.support.Slf4jLoggingAuditTrailManager] - Audit trail record BEGIN
=============================================================
WHO: [username: 123123]
WHAT: error.authentication.credentials.bad
ACTION: TICKET_GRANTING_TICKET_NOT_CREATED
APPLICATION: CAS
WHEN: Thu Aug 10 10:51:22 CST 2017
CLIENT IP ADDRESS: 0:0:0:0:0:0:0:1
SERVER IP ADDRESS: 0:0:0:0:0:0:0:1
=============================================================


2017-08-10 10:51:31,664 ERROR [org.jasig.cas.authentication.AuthenticationManagerImpl] - org.jasig.cas.adaptors.jdbc.QueryDatabaseAuthenticationHandler threw error authenticating [username: thinkgem]
java.lang.StringIndexOutOfBoundsException: String index out of range: 16
	at java.lang.String.substring(String.java:1963)
	at org.jasig.cas.util.PasswordHelper.validatePassword(PasswordHelper.java:36)
	at org.jasig.cas.adaptors.jdbc.QueryDatabaseAuthenticationHandler.authenticateUsernamePasswordInternal(QueryDatabaseAuthenticationHandler.java:49)
	at org.jasig.cas.authentication.handler.support.AbstractUsernamePasswordAuthenticationHandler.doAuthentication(AbstractUsernamePasswordAuthenticationHandler.java:71)
	at org.jasig.cas.authentication.handler.support.AbstractPreAndPostProcessingAuthenticationHandler.authenticate_aroundBody2(AbstractPreAndPostProcessingAuthenticationHandler.java:85)
	at org.jasig.cas.authentication.handler.support.AbstractPreAndPostProcessingAuthenticationHandler.authenticate_aroundBody3$advice(AbstractPreAndPostProcessingAuthenticationHandler.java:57)
	at org.jasig.cas.authentication.handler.support.AbstractPreAndPostProcessingAuthenticationHandler.authenticate(AbstractPreAndPostProcessingAuthenticationHandler.java:1)
	at org.jasig.cas.authentication.AuthenticationManagerImpl.authenticateAndObtainPrincipal(AuthenticationManagerImpl.java:93)
	at org.jasig.cas.authentication.AbstractAuthenticationManager.authenticate_aroundBody0(AbstractAuthenticationManager.java:57)
	at org.jasig.cas.authentication.AbstractAuthenticationManager.authenticate_aroundBody1$advice(AbstractAuthenticationManager.java:57)
	at org.jasig.cas.authentication.AbstractAuthenticationManager.authenticate(AbstractAuthenticationManager.java:1)
	at sun.reflect.NativeMethodAccessorImpl.invoke0(Native Method)
	at sun.reflect.NativeMethodAccessorImpl.invoke(NativeMethodAccessorImpl.java:62)
	at sun.reflect.DelegatingMethodAccessorImpl.invoke(DelegatingMethodAccessorImpl.java:43)
	at java.lang.reflect.Method.invoke(Method.java:498)
	at org.springframework.aop.support.AopUtils.invokeJoinpointUsingReflection(AopUtils.java:318)
	at org.springframework.aop.framework.ReflectiveMethodInvocation.invokeJoinpoint(ReflectiveMethodInvocation.java:183)
	at org.springframework.aop.framework.ReflectiveMethodInvocation.proceed(ReflectiveMethodInvocation.java:150)
	at org.springframework.aop.aspectj.MethodInvocationProceedingJoinPoint.proceed(MethodInvocationProceedingJoinPoint.java:80)
	at com.github.inspektr.audit.AuditTrailManagementAspect.handleAuditTrail(AuditTrailManagementAspect.java:126)
	at sun.reflect.NativeMethodAccessorImpl.invoke0(Native Method)
	at sun.reflect.NativeMethodAccessorImpl.invoke(NativeMethodAccessorImpl.java:62)
	at sun.reflect.DelegatingMethodAccessorImpl.invoke(DelegatingMethodAccessorImpl.java:43)
	at java.lang.reflect.Method.invoke(Method.java:498)
	at org.springframework.aop.aspectj.AbstractAspectJAdvice.invokeAdviceMethodWithGivenArgs(AbstractAspectJAdvice.java:621)
	at org.springframework.aop.aspectj.AbstractAspectJAdvice.invokeAdviceMethod(AbstractAspectJAdvice.java:610)
	at org.springframework.aop.aspectj.AspectJAroundAdvice.invoke(AspectJAroundAdvice.java:65)
	at org.springframework.aop.framework.ReflectiveMethodInvocation.proceed(ReflectiveMethodInvocation.java:161)
	at org.springframework.aop.aspectj.MethodInvocationProceedingJoinPoint.proceed(MethodInvocationProceedingJoinPoint.java:80)
	at org.perf4j.aop.AbstractTimingAspect$1.proceed(AbstractTimingAspect.java:47)
	at org.perf4j.aop.AgnosticTimingAspect.runProfiledMethod(AgnosticTimingAspect.java:53)
	at org.perf4j.aop.AbstractTimingAspect.doPerfLogging(AbstractTimingAspect.java:45)
	at sun.reflect.NativeMethodAccessorImpl.invoke0(Native Method)
	at sun.reflect.NativeMethodAccessorImpl.invoke(NativeMethodAccessorImpl.java:62)
	at sun.reflect.DelegatingMethodAccessorImpl.invoke(DelegatingMethodAccessorImpl.java:43)
	at java.lang.reflect.Method.invoke(Method.java:498)
	at org.springframework.aop.aspectj.AbstractAspectJAdvice.invokeAdviceMethodWithGivenArgs(AbstractAspectJAdvice.java:621)
	at org.springframework.aop.aspectj.AbstractAspectJAdvice.invokeAdviceMethod(AbstractAspectJAdvice.java:610)
	at org.springframework.aop.aspectj.AspectJAroundAdvice.invoke(AspectJAroundAdvice.java:65)
	at org.springframework.aop.framework.ReflectiveMethodInvocation.proceed(ReflectiveMethodInvocation.java:161)
	at org.springframework.aop.interceptor.ExposeInvocationInterceptor.invoke(ExposeInvocationInterceptor.java:90)
	at org.springframework.aop.framework.ReflectiveMethodInvocation.proceed(ReflectiveMethodInvocation.java:172)
	at org.springframework.aop.framework.JdkDynamicAopProxy.invoke(JdkDynamicAopProxy.java:202)
	at com.sun.proxy.$Proxy25.authenticate(Unknown Source)
	at org.jasig.cas.CentralAuthenticationServiceImpl.createTicketGrantingTicket_aroundBody10(CentralAuthenticationServiceImpl.java:470)
	at org.jasig.cas.CentralAuthenticationServiceImpl.createTicketGrantingTicket_aroundBody11$advice(CentralAuthenticationServiceImpl.java:57)
	at org.jasig.cas.CentralAuthenticationServiceImpl.createTicketGrantingTicket(CentralAuthenticationServiceImpl.java:1)
	at sun.reflect.NativeMethodAccessorImpl.invoke0(Native Method)
	at sun.reflect.NativeMethodAccessorImpl.invoke(NativeMethodAccessorImpl.java:62)
	at sun.reflect.DelegatingMethodAccessorImpl.invoke(DelegatingMethodAccessorImpl.java:43)
	at java.lang.reflect.Method.invoke(Method.java:498)
	at org.springframework.aop.support.AopUtils.invokeJoinpointUsingReflection(AopUtils.java:318)
	at org.springframework.aop.framework.ReflectiveMethodInvocation.invokeJoinpoint(ReflectiveMethodInvocation.java:183)
	at org.springframework.aop.framework.ReflectiveMethodInvocation.proceed(ReflectiveMethodInvocation.java:150)
	at org.springframework.aop.aspectj.MethodInvocationProceedingJoinPoint.proceed(MethodInvocationProceedingJoinPoint.java:80)
	at com.github.inspektr.audit.AuditTrailManagementAspect.handleAuditTrail(AuditTrailManagementAspect.java:126)
	at sun.reflect.NativeMethodAccessorImpl.invoke0(Native Method)
	at sun.reflect.NativeMethodAccessorImpl.invoke(NativeMethodAccessorImpl.java:62)
	at sun.reflect.DelegatingMethodAccessorImpl.invoke(DelegatingMethodAccessorImpl.java:43)
	at java.lang.reflect.Method.invoke(Method.java:498)
	at org.springframework.aop.aspectj.AbstractAspectJAdvice.invokeAdviceMethodWithGivenArgs(AbstractAspectJAdvice.java:621)
	at org.springframework.aop.aspectj.AbstractAspectJAdvice.invokeAdviceMethod(AbstractAspectJAdvice.java:610)
	at org.springframework.aop.aspectj.AspectJAroundAdvice.invoke(AspectJAroundAdvice.java:65)
	at org.springframework.aop.framework.ReflectiveMethodInvocation.proceed(ReflectiveMethodInvocation.java:161)
	at org.springframework.aop.aspectj.MethodInvocationProceedingJoinPoint.proceed(MethodInvocationProceedingJoinPoint.java:80)
	at org.perf4j.aop.AbstractTimingAspect$1.proceed(AbstractTimingAspect.java:47)
	at org.perf4j.aop.AgnosticTimingAspect.runProfiledMethod(AgnosticTimingAspect.java:53)
	at org.perf4j.aop.AbstractTimingAspect.doPerfLogging(AbstractTimingAspect.java:45)
	at sun.reflect.NativeMethodAccessorImpl.invoke0(Native Method)
	at sun.reflect.NativeMethodAccessorImpl.invoke(NativeMethodAccessorImpl.java:62)
	at sun.reflect.DelegatingMethodAccessorImpl.invoke(DelegatingMethodAccessorImpl.java:43)
	at java.lang.reflect.Method.invoke(Method.java:498)
	at org.springframework.aop.aspectj.AbstractAspectJAdvice.invokeAdviceMethodWithGivenArgs(AbstractAspectJAdvice.java:621)
	at org.springframework.aop.aspectj.AbstractAspectJAdvice.invokeAdviceMethod(AbstractAspectJAdvice.java:610)
	at org.springframework.aop.aspectj.AspectJAroundAdvice.invoke(AspectJAroundAdvice.java:65)
	at org.springframework.aop.framework.ReflectiveMethodInvocation.proceed(ReflectiveMethodInvocation.java:161)
	at org.springframework.aop.interceptor.ExposeInvocationInterceptor.invoke(ExposeInvocationInterceptor.java:90)
	at org.springframework.aop.framework.ReflectiveMethodInvocation.proceed(ReflectiveMethodInvocation.java:172)
	at org.springframework.aop.framework.JdkDynamicAopProxy.invoke(JdkDynamicAopProxy.java:202)
	at com.sun.proxy.$Proxy26.createTicketGrantingTicket(Unknown Source)
	at org.jasig.cas.web.flow.AuthenticationViaFormAction.submit_aroundBody2(AuthenticationViaFormAction.java:109)
	at org.jasig.cas.web.flow.AuthenticationViaFormAction.submit_aroundBody3$advice(AuthenticationViaFormAction.java:57)
	at org.jasig.cas.web.flow.AuthenticationViaFormAction.submit(AuthenticationViaFormAction.java:1)
	at sun.reflect.NativeMethodAccessorImpl.invoke0(Native Method)
	at sun.reflect.NativeMethodAccessorImpl.invoke(NativeMethodAccessorImpl.java:62)
	at sun.reflect.DelegatingMethodAccessorImpl.invoke(DelegatingMethodAccessorImpl.java:43)
	at java.lang.reflect.Method.invoke(Method.java:498)
	at ognl.OgnlRuntime.invokeMethod(OgnlRuntime.java:851)
	at ognl.OgnlRuntime.callAppropriateMethod(OgnlRuntime.java:1253)
	at ognl.ObjectMethodAccessor.callMethod(ObjectMethodAccessor.java:68)
	at ognl.OgnlRuntime.callMethod(OgnlRuntime.java:1329)
	at ognl.ASTMethod.getValueBody(ASTMethod.java:90)
	at ognl.SimpleNode.evaluateGetValueBody(SimpleNode.java:212)
	at ognl.SimpleNode.getValue(SimpleNode.java:258)
	at ognl.ASTChain.getValueBody(ASTChain.java:141)
	at ognl.SimpleNode.evaluateGetValueBody(SimpleNode.java:212)
	at ognl.SimpleNode.getValue(SimpleNode.java:258)
	at ognl.Ognl.getValue(Ognl.java:494)
	at org.springframework.binding.expression.ognl.OgnlExpression.getValue(OgnlExpression.java:85)
	at org.springframework.webflow.action.EvaluateAction.doExecute(EvaluateAction.java:75)
	at org.springframework.webflow.action.AbstractAction.execute(AbstractAction.java:188)
	at org.springframework.webflow.execution.AnnotatedAction.execute(AnnotatedAction.java:145)
	at org.springframework.webflow.execution.ActionExecutor.execute(ActionExecutor.java:51)
	at org.springframework.webflow.engine.ActionState.doEnter(ActionState.java:101)
	at org.springframework.webflow.engine.State.enter(State.java:194)
	at org.springframework.webflow.engine.Transition.execute(Transition.java:227)
	at org.springframework.webflow.engine.impl.FlowExecutionImpl.execute(FlowExecutionImpl.java:393)
	at org.springframework.webflow.engine.impl.RequestControlContextImpl.execute(RequestControlContextImpl.java:214)
	at org.springframework.webflow.engine.TransitionableState.handleEvent(TransitionableState.java:119)
	at org.springframework.webflow.engine.Flow.handleEvent(Flow.java:555)
	at org.springframework.webflow.engine.impl.FlowExecutionImpl.handleEvent(FlowExecutionImpl.java:388)
	at org.springframework.webflow.engine.impl.RequestControlContextImpl.handleEvent(RequestControlContextImpl.java:210)
	at org.springframework.webflow.engine.ViewState.handleEvent(ViewState.java:232)
	at org.springframework.webflow.engine.ViewState.resume(ViewState.java:196)
	at org.springframework.webflow.engine.Flow.resume(Flow.java:545)
	at org.springframework.webflow.engine.impl.FlowExecutionImpl.resume(FlowExecutionImpl.java:261)
	at org.springframework.webflow.executor.FlowExecutorImpl.resumeExecution(FlowExecutorImpl.java:169)
	at org.springframework.webflow.mvc.servlet.FlowHandlerAdapter.handle(FlowHandlerAdapter.java:183)
	at org.springframework.web.servlet.DispatcherServlet.doDispatch(DispatcherServlet.java:923)
	at org.springframework.web.servlet.DispatcherServlet.doService(DispatcherServlet.java:852)
	at org.springframework.web.servlet.FrameworkServlet.processRequest(FrameworkServlet.java:882)
	at org.springframework.web.servlet.FrameworkServlet.doPost(FrameworkServlet.java:789)
	at javax.servlet.http.HttpServlet.service(HttpServlet.java:755)
	at javax.servlet.http.HttpServlet.service(HttpServlet.java:848)
	at org.jasig.cas.web.init.SafeDispatcherServlet.service_aroundBody2(SafeDispatcherServlet.java:128)
	at org.jasig.cas.web.init.SafeDispatcherServlet.service_aroundBody3$advice(SafeDispatcherServlet.java:57)
	at org.jasig.cas.web.init.SafeDispatcherServlet.service(SafeDispatcherServlet.java:1)
	at org.eclipse.jetty.servlet.ServletHolder.handle(ServletHolder.java:684)
	at org.eclipse.jetty.servlet.ServletHandler$CachedChain.doFilter(ServletHandler.java:1496)
	at org.springframework.web.filter.CharacterEncodingFilter.doFilterInternal(CharacterEncodingFilter.java:88)
	at org.springframework.web.filter.OncePerRequestFilter.doFilter(OncePerRequestFilter.java:76)
	at org.springframework.web.filter.DelegatingFilterProxy.invokeDelegate(DelegatingFilterProxy.java:346)
	at org.springframework.web.filter.DelegatingFilterProxy.doFilter(DelegatingFilterProxy.java:259)
	at org.eclipse.jetty.servlet.ServletHandler$CachedChain.doFilter(ServletHandler.java:1484)
	at com.github.inspektr.common.web.ClientInfoThreadLocalFilter.doFilter(ClientInfoThreadLocalFilter.java:63)
	at org.eclipse.jetty.servlet.ServletHandler$CachedChain.doFilter(ServletHandler.java:1476)
	at org.eclipse.jetty.servlet.ServletHandler.doHandle(ServletHandler.java:499)
	at org.eclipse.jetty.server.handler.ScopedHandler.handle(ScopedHandler.java:137)
	at org.eclipse.jetty.security.SecurityHandler.handle(SecurityHandler.java:557)
	at org.eclipse.jetty.server.session.SessionHandler.doHandle(SessionHandler.java:231)
	at org.eclipse.jetty.server.handler.ContextHandler.doHandle(ContextHandler.java:1086)
	at org.eclipse.jetty.servlet.ServletHandler.doScope(ServletHandler.java:428)
	at org.eclipse.jetty.server.session.SessionHandler.doScope(SessionHandler.java:193)
	at org.eclipse.jetty.server.handler.ContextHandler.doScope(ContextHandler.java:1020)
	at org.eclipse.jetty.server.handler.ScopedHandler.handle(ScopedHandler.java:135)
	at org.eclipse.jetty.server.handler.HandlerWrapper.handle(HandlerWrapper.java:116)
	at org.eclipse.jetty.server.Server.handle(Server.java:370)
	at org.eclipse.jetty.server.AbstractHttpConnection.handleRequest(AbstractHttpConnection.java:494)
	at org.eclipse.jetty.server.AbstractHttpConnection.content(AbstractHttpConnection.java:982)
	at org.eclipse.jetty.server.AbstractHttpConnection$RequestHandler.content(AbstractHttpConnection.java:1043)
	at org.eclipse.jetty.http.HttpParser.parseNext(HttpParser.java:865)
	at org.eclipse.jetty.http.HttpParser.parseAvailable(HttpParser.java:240)
	at org.eclipse.jetty.server.AsyncHttpConnection.handle(AsyncHttpConnection.java:82)
	at org.eclipse.jetty.io.nio.SelectChannelEndPoint.handle(SelectChannelEndPoint.java:667)
	at org.eclipse.jetty.io.nio.SelectChannelEndPoint$1.run(SelectChannelEndPoint.java:52)
	at org.eclipse.jetty.util.thread.QueuedThreadPool.runJob(QueuedThreadPool.java:608)
	at org.eclipse.jetty.util.thread.QueuedThreadPool$3.run(QueuedThreadPool.java:543)
	at java.lang.Thread.run(Thread.java:748)
2017-08-10 10:51:31,692 INFO [com.github.inspektr.audit.support.Slf4jLoggingAuditTrailManager] - Audit trail record BEGIN
=============================================================
WHO: [username: thinkgem]
WHAT: supplied credentials: [username: thinkgem]
ACTION: AUTHENTICATION_FAILED
APPLICATION: CAS
WHEN: Thu Aug 10 10:51:31 CST 2017
CLIENT IP ADDRESS: 0:0:0:0:0:0:0:1
SERVER IP ADDRESS: 0:0:0:0:0:0:0:1
=============================================================


2017-08-10 10:51:31,693 INFO [com.github.inspektr.audit.support.Slf4jLoggingAuditTrailManager] - Audit trail record BEGIN
=============================================================
WHO: [username: thinkgem]
WHAT: StringIndexOutOfBoundsException
ACTION: TICKET_GRANTING_TICKET_NOT_CREATED
APPLICATION: CAS
WHEN: Thu Aug 10 10:51:31 CST 2017
CLIENT IP ADDRESS: 0:0:0:0:0:0:0:1
SERVER IP ADDRESS: 0:0:0:0:0:0:0:1
=============================================================


2017-08-10 10:51:41,947 ERROR [org.jasig.cas.authentication.AuthenticationManagerImpl] - org.jasig.cas.adaptors.jdbc.QueryDatabaseAuthenticationHandler threw error authenticating [username: thinkgem]
java.lang.StringIndexOutOfBoundsException: String index out of range: 16
	at java.lang.String.substring(String.java:1963)
	at org.jasig.cas.util.PasswordHelper.validatePassword(PasswordHelper.java:36)
	at org.jasig.cas.adaptors.jdbc.QueryDatabaseAuthenticationHandler.authenticateUsernamePasswordInternal(QueryDatabaseAuthenticationHandler.java:49)
	at org.jasig.cas.authentication.handler.support.AbstractUsernamePasswordAuthenticationHandler.doAuthentication(AbstractUsernamePasswordAuthenticationHandler.java:71)
	at org.jasig.cas.authentication.handler.support.AbstractPreAndPostProcessingAuthenticationHandler.authenticate_aroundBody2(AbstractPreAndPostProcessingAuthenticationHandler.java:85)
	at org.jasig.cas.authentication.handler.support.AbstractPreAndPostProcessingAuthenticationHandler.authenticate_aroundBody3$advice(AbstractPreAndPostProcessingAuthenticationHandler.java:57)
	at org.jasig.cas.authentication.handler.support.AbstractPreAndPostProcessingAuthenticationHandler.authenticate(AbstractPreAndPostProcessingAuthenticationHandler.java:1)
	at org.jasig.cas.authentication.AuthenticationManagerImpl.authenticateAndObtainPrincipal(AuthenticationManagerImpl.java:93)
	at org.jasig.cas.authentication.AbstractAuthenticationManager.authenticate_aroundBody0(AbstractAuthenticationManager.java:57)
	at org.jasig.cas.authentication.AbstractAuthenticationManager.authenticate_aroundBody1$advice(AbstractAuthenticationManager.java:57)
	at org.jasig.cas.authentication.AbstractAuthenticationManager.authenticate(AbstractAuthenticationManager.java:1)
	at sun.reflect.NativeMethodAccessorImpl.invoke0(Native Method)
	at sun.reflect.NativeMethodAccessorImpl.invoke(NativeMethodAccessorImpl.java:62)
	at sun.reflect.DelegatingMethodAccessorImpl.invoke(DelegatingMethodAccessorImpl.java:43)
	at java.lang.reflect.Method.invoke(Method.java:498)
	at org.springframework.aop.support.AopUtils.invokeJoinpointUsingReflection(AopUtils.java:318)
	at org.springframework.aop.framework.ReflectiveMethodInvocation.invokeJoinpoint(ReflectiveMethodInvocation.java:183)
	at org.springframework.aop.framework.ReflectiveMethodInvocation.proceed(ReflectiveMethodInvocation.java:150)
	at org.springframework.aop.aspectj.MethodInvocationProceedingJoinPoint.proceed(MethodInvocationProceedingJoinPoint.java:80)
	at com.github.inspektr.audit.AuditTrailManagementAspect.handleAuditTrail(AuditTrailManagementAspect.java:126)
	at sun.reflect.NativeMethodAccessorImpl.invoke0(Native Method)
	at sun.reflect.NativeMethodAccessorImpl.invoke(NativeMethodAccessorImpl.java:62)
	at sun.reflect.DelegatingMethodAccessorImpl.invoke(DelegatingMethodAccessorImpl.java:43)
	at java.lang.reflect.Method.invoke(Method.java:498)
	at org.springframework.aop.aspectj.AbstractAspectJAdvice.invokeAdviceMethodWithGivenArgs(AbstractAspectJAdvice.java:621)
	at org.springframework.aop.aspectj.AbstractAspectJAdvice.invokeAdviceMethod(AbstractAspectJAdvice.java:610)
	at org.springframework.aop.aspectj.AspectJAroundAdvice.invoke(AspectJAroundAdvice.java:65)
	at org.springframework.aop.framework.ReflectiveMethodInvocation.proceed(ReflectiveMethodInvocation.java:161)
	at org.springframework.aop.aspectj.MethodInvocationProceedingJoinPoint.proceed(MethodInvocationProceedingJoinPoint.java:80)
	at org.perf4j.aop.AbstractTimingAspect$1.proceed(AbstractTimingAspect.java:47)
	at org.perf4j.aop.AgnosticTimingAspect.runProfiledMethod(AgnosticTimingAspect.java:53)
	at org.perf4j.aop.AbstractTimingAspect.doPerfLogging(AbstractTimingAspect.java:45)
	at sun.reflect.NativeMethodAccessorImpl.invoke0(Native Method)
	at sun.reflect.NativeMethodAccessorImpl.invoke(NativeMethodAccessorImpl.java:62)
	at sun.reflect.DelegatingMethodAccessorImpl.invoke(DelegatingMethodAccessorImpl.java:43)
	at java.lang.reflect.Method.invoke(Method.java:498)
	at org.springframework.aop.aspectj.AbstractAspectJAdvice.invokeAdviceMethodWithGivenArgs(AbstractAspectJAdvice.java:621)
	at org.springframework.aop.aspectj.AbstractAspectJAdvice.invokeAdviceMethod(AbstractAspectJAdvice.java:610)
	at org.springframework.aop.aspectj.AspectJAroundAdvice.invoke(AspectJAroundAdvice.java:65)
	at org.springframework.aop.framework.ReflectiveMethodInvocation.proceed(ReflectiveMethodInvocation.java:161)
	at org.springframework.aop.interceptor.ExposeInvocationInterceptor.invoke(ExposeInvocationInterceptor.java:90)
	at org.springframework.aop.framework.ReflectiveMethodInvocation.proceed(ReflectiveMethodInvocation.java:172)
	at org.springframework.aop.framework.JdkDynamicAopProxy.invoke(JdkDynamicAopProxy.java:202)
	at com.sun.proxy.$Proxy25.authenticate(Unknown Source)
	at org.jasig.cas.CentralAuthenticationServiceImpl.createTicketGrantingTicket_aroundBody10(CentralAuthenticationServiceImpl.java:470)
	at org.jasig.cas.CentralAuthenticationServiceImpl.createTicketGrantingTicket_aroundBody11$advice(CentralAuthenticationServiceImpl.java:57)
	at org.jasig.cas.CentralAuthenticationServiceImpl.createTicketGrantingTicket(CentralAuthenticationServiceImpl.java:1)
	at sun.reflect.NativeMethodAccessorImpl.invoke0(Native Method)
	at sun.reflect.NativeMethodAccessorImpl.invoke(NativeMethodAccessorImpl.java:62)
	at sun.reflect.DelegatingMethodAccessorImpl.invoke(DelegatingMethodAccessorImpl.java:43)
	at java.lang.reflect.Method.invoke(Method.java:498)
	at org.springframework.aop.support.AopUtils.invokeJoinpointUsingReflection(AopUtils.java:318)
	at org.springframework.aop.framework.ReflectiveMethodInvocation.invokeJoinpoint(ReflectiveMethodInvocation.java:183)
	at org.springframework.aop.framework.ReflectiveMethodInvocation.proceed(ReflectiveMethodInvocation.java:150)
	at org.springframework.aop.aspectj.MethodInvocationProceedingJoinPoint.proceed(MethodInvocationProceedingJoinPoint.java:80)
	at com.github.inspektr.audit.AuditTrailManagementAspect.handleAuditTrail(AuditTrailManagementAspect.java:126)
	at sun.reflect.NativeMethodAccessorImpl.invoke0(Native Method)
	at sun.reflect.NativeMethodAccessorImpl.invoke(NativeMethodAccessorImpl.java:62)
	at sun.reflect.DelegatingMethodAccessorImpl.invoke(DelegatingMethodAccessorImpl.java:43)
	at java.lang.reflect.Method.invoke(Method.java:498)
	at org.springframework.aop.aspectj.AbstractAspectJAdvice.invokeAdviceMethodWithGivenArgs(AbstractAspectJAdvice.java:621)
	at org.springframework.aop.aspectj.AbstractAspectJAdvice.invokeAdviceMethod(AbstractAspectJAdvice.java:610)
	at org.springframework.aop.aspectj.AspectJAroundAdvice.invoke(AspectJAroundAdvice.java:65)
	at org.springframework.aop.framework.ReflectiveMethodInvocation.proceed(ReflectiveMethodInvocation.java:161)
	at org.springframework.aop.aspectj.MethodInvocationProceedingJoinPoint.proceed(MethodInvocationProceedingJoinPoint.java:80)
	at org.perf4j.aop.AbstractTimingAspect$1.proceed(AbstractTimingAspect.java:47)
	at org.perf4j.aop.AgnosticTimingAspect.runProfiledMethod(AgnosticTimingAspect.java:53)
	at org.perf4j.aop.AbstractTimingAspect.doPerfLogging(AbstractTimingAspect.java:45)
	at sun.reflect.NativeMethodAccessorImpl.invoke0(Native Method)
	at sun.reflect.NativeMethodAccessorImpl.invoke(NativeMethodAccessorImpl.java:62)
	at sun.reflect.DelegatingMethodAccessorImpl.invoke(DelegatingMethodAccessorImpl.java:43)
	at java.lang.reflect.Method.invoke(Method.java:498)
	at org.springframework.aop.aspectj.AbstractAspectJAdvice.invokeAdviceMethodWithGivenArgs(AbstractAspectJAdvice.java:621)
	at org.springframework.aop.aspectj.AbstractAspectJAdvice.invokeAdviceMethod(AbstractAspectJAdvice.java:610)
	at org.springframework.aop.aspectj.AspectJAroundAdvice.invoke(AspectJAroundAdvice.java:65)
	at org.springframework.aop.framework.ReflectiveMethodInvocation.proceed(ReflectiveMethodInvocation.java:161)
	at org.springframework.aop.interceptor.ExposeInvocationInterceptor.invoke(ExposeInvocationInterceptor.java:90)
	at org.springframework.aop.framework.ReflectiveMethodInvocation.proceed(ReflectiveMethodInvocation.java:172)
	at org.springframework.aop.framework.JdkDynamicAopProxy.invoke(JdkDynamicAopProxy.java:202)
	at com.sun.proxy.$Proxy26.createTicketGrantingTicket(Unknown Source)
	at org.jasig.cas.web.flow.AuthenticationViaFormAction.submit_aroundBody2(AuthenticationViaFormAction.java:109)
	at org.jasig.cas.web.flow.AuthenticationViaFormAction.submit_aroundBody3$advice(AuthenticationViaFormAction.java:57)
	at org.jasig.cas.web.flow.AuthenticationViaFormAction.submit(AuthenticationViaFormAction.java:1)
	at sun.reflect.NativeMethodAccessorImpl.invoke0(Native Method)
	at sun.reflect.NativeMethodAccessorImpl.invoke(NativeMethodAccessorImpl.java:62)
	at sun.reflect.DelegatingMethodAccessorImpl.invoke(DelegatingMethodAccessorImpl.java:43)
	at java.lang.reflect.Method.invoke(Method.java:498)
	at ognl.OgnlRuntime.invokeMethod(OgnlRuntime.java:851)
	at ognl.OgnlRuntime.callAppropriateMethod(OgnlRuntime.java:1253)
	at ognl.ObjectMethodAccessor.callMethod(ObjectMethodAccessor.java:68)
	at ognl.OgnlRuntime.callMethod(OgnlRuntime.java:1329)
	at ognl.ASTMethod.getValueBody(ASTMethod.java:90)
	at ognl.SimpleNode.evaluateGetValueBody(SimpleNode.java:212)
	at ognl.SimpleNode.getValue(SimpleNode.java:258)
	at ognl.ASTChain.getValueBody(ASTChain.java:141)
	at ognl.SimpleNode.evaluateGetValueBody(SimpleNode.java:212)
	at ognl.SimpleNode.getValue(SimpleNode.java:258)
	at ognl.Ognl.getValue(Ognl.java:494)
	at org.springframework.binding.expression.ognl.OgnlExpression.getValue(OgnlExpression.java:85)
	at org.springframework.webflow.action.EvaluateAction.doExecute(EvaluateAction.java:75)
	at org.springframework.webflow.action.AbstractAction.execute(AbstractAction.java:188)
	at org.springframework.webflow.execution.AnnotatedAction.execute(AnnotatedAction.java:145)
	at org.springframework.webflow.execution.ActionExecutor.execute(ActionExecutor.java:51)
	at org.springframework.webflow.engine.ActionState.doEnter(ActionState.java:101)
	at org.springframework.webflow.engine.State.enter(State.java:194)
	at org.springframework.webflow.engine.Transition.execute(Transition.java:227)
	at org.springframework.webflow.engine.impl.FlowExecutionImpl.execute(FlowExecutionImpl.java:393)
	at org.springframework.webflow.engine.impl.RequestControlContextImpl.execute(RequestControlContextImpl.java:214)
	at org.springframework.webflow.engine.TransitionableState.handleEvent(TransitionableState.java:119)
	at org.springframework.webflow.engine.Flow.handleEvent(Flow.java:555)
	at org.springframework.webflow.engine.impl.FlowExecutionImpl.handleEvent(FlowExecutionImpl.java:388)
	at org.springframework.webflow.engine.impl.RequestControlContextImpl.handleEvent(RequestControlContextImpl.java:210)
	at org.springframework.webflow.engine.ViewState.handleEvent(ViewState.java:232)
	at org.springframework.webflow.engine.ViewState.resume(ViewState.java:196)
	at org.springframework.webflow.engine.Flow.resume(Flow.java:545)
	at org.springframework.webflow.engine.impl.FlowExecutionImpl.resume(FlowExecutionImpl.java:261)
	at org.springframework.webflow.executor.FlowExecutorImpl.resumeExecution(FlowExecutorImpl.java:169)
	at org.springframework.webflow.mvc.servlet.FlowHandlerAdapter.handle(FlowHandlerAdapter.java:183)
	at org.springframework.web.servlet.DispatcherServlet.doDispatch(DispatcherServlet.java:923)
	at org.springframework.web.servlet.DispatcherServlet.doService(DispatcherServlet.java:852)
	at org.springframework.web.servlet.FrameworkServlet.processRequest(FrameworkServlet.java:882)
	at org.springframework.web.servlet.FrameworkServlet.doPost(FrameworkServlet.java:789)
	at javax.servlet.http.HttpServlet.service(HttpServlet.java:755)
	at javax.servlet.http.HttpServlet.service(HttpServlet.java:848)
	at org.jasig.cas.web.init.SafeDispatcherServlet.service_aroundBody2(SafeDispatcherServlet.java:128)
	at org.jasig.cas.web.init.SafeDispatcherServlet.service_aroundBody3$advice(SafeDispatcherServlet.java:57)
	at org.jasig.cas.web.init.SafeDispatcherServlet.service(SafeDispatcherServlet.java:1)
	at org.eclipse.jetty.servlet.ServletHolder.handle(ServletHolder.java:684)
	at org.eclipse.jetty.servlet.ServletHandler$CachedChain.doFilter(ServletHandler.java:1496)
	at org.springframework.web.filter.CharacterEncodingFilter.doFilterInternal(CharacterEncodingFilter.java:88)
	at org.springframework.web.filter.OncePerRequestFilter.doFilter(OncePerRequestFilter.java:76)
	at org.springframework.web.filter.DelegatingFilterProxy.invokeDelegate(DelegatingFilterProxy.java:346)
	at org.springframework.web.filter.DelegatingFilterProxy.doFilter(DelegatingFilterProxy.java:259)
	at org.eclipse.jetty.servlet.ServletHandler$CachedChain.doFilter(ServletHandler.java:1484)
	at com.github.inspektr.common.web.ClientInfoThreadLocalFilter.doFilter(ClientInfoThreadLocalFilter.java:63)
	at org.eclipse.jetty.servlet.ServletHandler$CachedChain.doFilter(ServletHandler.java:1476)
	at org.eclipse.jetty.servlet.ServletHandler.doHandle(ServletHandler.java:499)
	at org.eclipse.jetty.server.handler.ScopedHandler.handle(ScopedHandler.java:137)
	at org.eclipse.jetty.security.SecurityHandler.handle(SecurityHandler.java:557)
	at org.eclipse.jetty.server.session.SessionHandler.doHandle(SessionHandler.java:231)
	at org.eclipse.jetty.server.handler.ContextHandler.doHandle(ContextHandler.java:1086)
	at org.eclipse.jetty.servlet.ServletHandler.doScope(ServletHandler.java:428)
	at org.eclipse.jetty.server.session.SessionHandler.doScope(SessionHandler.java:193)
	at org.eclipse.jetty.server.handler.ContextHandler.doScope(ContextHandler.java:1020)
	at org.eclipse.jetty.server.handler.ScopedHandler.handle(ScopedHandler.java:135)
	at org.eclipse.jetty.server.handler.HandlerWrapper.handle(HandlerWrapper.java:116)
	at org.eclipse.jetty.server.Server.handle(Server.java:370)
	at org.eclipse.jetty.server.AbstractHttpConnection.handleRequest(AbstractHttpConnection.java:494)
	at org.eclipse.jetty.server.AbstractHttpConnection.content(AbstractHttpConnection.java:982)
	at org.eclipse.jetty.server.AbstractHttpConnection$RequestHandler.content(AbstractHttpConnection.java:1043)
	at org.eclipse.jetty.http.HttpParser.parseNext(HttpParser.java:865)
	at org.eclipse.jetty.http.HttpParser.parseAvailable(HttpParser.java:240)
	at org.eclipse.jetty.server.AsyncHttpConnection.handle(AsyncHttpConnection.java:82)
	at org.eclipse.jetty.io.nio.SelectChannelEndPoint.handle(SelectChannelEndPoint.java:667)
	at org.eclipse.jetty.io.nio.SelectChannelEndPoint$1.run(SelectChannelEndPoint.java:52)
	at org.eclipse.jetty.util.thread.QueuedThreadPool.runJob(QueuedThreadPool.java:608)
	at org.eclipse.jetty.util.thread.QueuedThreadPool$3.run(QueuedThreadPool.java:543)
	at java.lang.Thread.run(Thread.java:748)
2017-08-10 10:51:41,956 INFO [com.github.inspektr.audit.support.Slf4jLoggingAuditTrailManager] - Audit trail record BEGIN
=============================================================
WHO: [username: thinkgem]
WHAT: supplied credentials: [username: thinkgem]
ACTION: AUTHENTICATION_FAILED
APPLICATION: CAS
WHEN: Thu Aug 10 10:51:41 CST 2017
CLIENT IP ADDRESS: 0:0:0:0:0:0:0:1
SERVER IP ADDRESS: 0:0:0:0:0:0:0:1
=============================================================


2017-08-10 10:51:41,957 INFO [com.github.inspektr.audit.support.Slf4jLoggingAuditTrailManager] - Audit trail record BEGIN
=============================================================
WHO: [username: thinkgem]
WHAT: StringIndexOutOfBoundsException
ACTION: TICKET_GRANTING_TICKET_NOT_CREATED
APPLICATION: CAS
WHEN: Thu Aug 10 10:51:41 CST 2017
CLIENT IP ADDRESS: 0:0:0:0:0:0:0:1
SERVER IP ADDRESS: 0:0:0:0:0:0:0:1
=============================================================


2017-08-10 10:53:02,712 INFO [org.jasig.cas.services.DefaultServicesManagerImpl] - Loaded 1 services.
2017-08-10 10:53:04,954 INFO [org.jasig.cas.util.AutowiringSchedulerFactoryBean] - Starting Quartz Scheduler now
2017-08-10 10:53:09,631 INFO [org.jasig.cas.web.flow.InitialFlowSetupAction] - Setting path for cookies to: /
2017-08-10 10:53:09,631 INFO [org.jasig.cas.web.flow.InitialFlowSetupAction] - Setting path for cookies to: /
2017-08-10 10:53:22,511 INFO [org.jasig.cas.ticket.registry.support.DefaultTicketRegistryCleaner] - Beginning ticket cleanup.
2017-08-10 10:53:22,513 INFO [org.jasig.cas.ticket.registry.support.DefaultTicketRegistryCleaner] - 0 tickets found to be removed.
2017-08-10 10:53:22,514 INFO [org.jasig.cas.ticket.registry.support.DefaultTicketRegistryCleaner] - Finished ticket cleanup.
2017-08-10 10:54:54,982 INFO [org.jasig.cas.authentication.AuthenticationManagerImpl] - org.jasig.cas.adaptors.jdbc.QueryDatabaseAuthenticationHandler failed to authenticate [username: admin]
2017-08-10 10:54:54,986 INFO [com.github.inspektr.audit.support.Slf4jLoggingAuditTrailManager] - Audit trail record BEGIN
=============================================================
WHO: [username: admin]
WHAT: supplied credentials: [username: admin]
ACTION: AUTHENTICATION_FAILED
APPLICATION: CAS
WHEN: Thu Aug 10 10:54:54 CST 2017
CLIENT IP ADDRESS: 0:0:0:0:0:0:0:1
SERVER IP ADDRESS: 0:0:0:0:0:0:0:1
=============================================================


2017-08-10 10:54:54,988 INFO [com.github.inspektr.audit.support.Slf4jLoggingAuditTrailManager] - Audit trail record BEGIN
=============================================================
WHO: [username: admin]
WHAT: error.authentication.credentials.bad
ACTION: TICKET_GRANTING_TICKET_NOT_CREATED
APPLICATION: CAS
WHEN: Thu Aug 10 10:54:54 CST 2017
CLIENT IP ADDRESS: 0:0:0:0:0:0:0:1
SERVER IP ADDRESS: 0:0:0:0:0:0:0:1
=============================================================


2017-08-10 10:55:02,757 INFO [org.jasig.cas.services.DefaultServicesManagerImpl] - Reloading registered services.
2017-08-10 10:55:02,757 INFO [org.jasig.cas.services.DefaultServicesManagerImpl] - Loaded 1 services.
2017-08-10 10:55:05,305 INFO [org.jasig.cas.authentication.AuthenticationManagerImpl] - org.jasig.cas.adaptors.jdbc.QueryDatabaseAuthenticationHandler successfully authenticated [username: thinkgem]
2017-08-10 10:55:05,307 INFO [org.jasig.cas.authentication.AuthenticationManagerImpl] - Resolved principal thinkgem
2017-08-10 10:55:05,308 INFO [org.jasig.cas.authentication.AuthenticationManagerImpl] - org.jasig.cas.adaptors.jdbc.QueryDatabaseAuthenticationHandler@722531ab authenticated thinkgem with credential [username: thinkgem].
2017-08-10 10:55:05,322 INFO [com.github.inspektr.audit.support.Slf4jLoggingAuditTrailManager] - Audit trail record BEGIN
=============================================================
WHO: [username: thinkgem]
WHAT: supplied credentials: [username: thinkgem]
ACTION: AUTHENTICATION_SUCCESS
APPLICATION: CAS
WHEN: Thu Aug 10 10:55:05 CST 2017
CLIENT IP ADDRESS: 0:0:0:0:0:0:0:1
SERVER IP ADDRESS: 0:0:0:0:0:0:0:1
=============================================================


2017-08-10 10:55:05,332 INFO [com.github.inspektr.audit.support.Slf4jLoggingAuditTrailManager] - Audit trail record BEGIN
=============================================================
WHO: [username: thinkgem]
WHAT: TGT-1-D90Eoyc5dALbDeph9sfzBXeqlB42WUeWtdjWjbPwtiGCZfeI5t-cas01.example.org
ACTION: TICKET_GRANTING_TICKET_CREATED
APPLICATION: CAS
WHEN: Thu Aug 10 10:55:05 CST 2017
CLIENT IP ADDRESS: 0:0:0:0:0:0:0:1
SERVER IP ADDRESS: 0:0:0:0:0:0:0:1
=============================================================


2017-08-10 10:56:05,824 INFO [org.jasig.cas.services.DefaultServicesManagerImpl] - Loaded 1 services.
2017-08-10 10:56:08,245 INFO [org.jasig.cas.util.AutowiringSchedulerFactoryBean] - Starting Quartz Scheduler now
2017-08-10 10:56:25,592 INFO [org.jasig.cas.ticket.registry.support.DefaultTicketRegistryCleaner] - Beginning ticket cleanup.
2017-08-10 10:56:25,595 INFO [org.jasig.cas.ticket.registry.support.DefaultTicketRegistryCleaner] - 0 tickets found to be removed.
2017-08-10 10:56:25,595 INFO [org.jasig.cas.ticket.registry.support.DefaultTicketRegistryCleaner] - Finished ticket cleanup.
2017-08-10 10:58:05,869 INFO [org.jasig.cas.services.DefaultServicesManagerImpl] - Reloading registered services.
2017-08-10 10:58:05,870 INFO [org.jasig.cas.services.DefaultServicesManagerImpl] - Loaded 1 services.
2017-08-10 11:00:05,862 INFO [org.jasig.cas.services.DefaultServicesManagerImpl] - Reloading registered services.
2017-08-10 11:00:05,863 INFO [org.jasig.cas.services.DefaultServicesManagerImpl] - Loaded 1 services.
2017-08-10 11:02:05,861 INFO [org.jasig.cas.services.DefaultServicesManagerImpl] - Reloading registered services.
2017-08-10 11:02:05,861 INFO [org.jasig.cas.services.DefaultServicesManagerImpl] - Loaded 1 services.
2017-08-10 11:04:05,860 INFO [org.jasig.cas.services.DefaultServicesManagerImpl] - Reloading registered services.
2017-08-10 11:04:05,860 INFO [org.jasig.cas.services.DefaultServicesManagerImpl] - Loaded 1 services.
2017-08-10 11:06:05,861 INFO [org.jasig.cas.services.DefaultServicesManagerImpl] - Reloading registered services.
2017-08-10 11:06:05,862 INFO [org.jasig.cas.services.DefaultServicesManagerImpl] - Loaded 1 services.
2017-08-10 11:08:05,860 INFO [org.jasig.cas.services.DefaultServicesManagerImpl] - Reloading registered services.
2017-08-10 11:08:05,861 INFO [org.jasig.cas.services.DefaultServicesManagerImpl] - Loaded 1 services.
2017-08-10 11:10:05,867 INFO [org.jasig.cas.services.DefaultServicesManagerImpl] - Reloading registered services.
2017-08-10 11:10:05,867 INFO [org.jasig.cas.services.DefaultServicesManagerImpl] - Loaded 1 services.
2017-08-10 11:12:05,862 INFO [org.jasig.cas.services.DefaultServicesManagerImpl] - Reloading registered services.
2017-08-10 11:12:05,863 INFO [org.jasig.cas.services.DefaultServicesManagerImpl] - Loaded 1 services.
2017-08-10 11:14:05,861 INFO [org.jasig.cas.services.DefaultServicesManagerImpl] - Reloading registered services.
2017-08-10 11:14:05,862 INFO [org.jasig.cas.services.DefaultServicesManagerImpl] - Loaded 1 services.
2017-08-10 11:16:05,860 INFO [org.jasig.cas.services.DefaultServicesManagerImpl] - Reloading registered services.
2017-08-10 11:16:05,861 INFO [org.jasig.cas.services.DefaultServicesManagerImpl] - Loaded 1 services.
2017-08-10 11:18:05,861 INFO [org.jasig.cas.services.DefaultServicesManagerImpl] - Reloading registered services.
2017-08-10 11:18:05,861 INFO [org.jasig.cas.services.DefaultServicesManagerImpl] - Loaded 1 services.
2017-08-10 11:20:05,862 INFO [org.jasig.cas.services.DefaultServicesManagerImpl] - Reloading registered services.
2017-08-10 11:20:05,863 INFO [org.jasig.cas.services.DefaultServicesManagerImpl] - Loaded 1 services.
2017-08-10 11:22:05,860 INFO [org.jasig.cas.services.DefaultServicesManagerImpl] - Reloading registered services.
2017-08-10 11:22:05,860 INFO [org.jasig.cas.services.DefaultServicesManagerImpl] - Loaded 1 services.
2017-08-10 11:24:05,861 INFO [org.jasig.cas.services.DefaultServicesManagerImpl] - Reloading registered services.
2017-08-10 11:24:05,861 INFO [org.jasig.cas.services.DefaultServicesManagerImpl] - Loaded 1 services.
2017-08-10 11:26:05,863 INFO [org.jasig.cas.services.DefaultServicesManagerImpl] - Reloading registered services.
2017-08-10 11:26:05,864 INFO [org.jasig.cas.services.DefaultServicesManagerImpl] - Loaded 1 services.
2017-08-10 11:28:05,863 INFO [org.jasig.cas.services.DefaultServicesManagerImpl] - Reloading registered services.
2017-08-10 11:28:05,863 INFO [org.jasig.cas.services.DefaultServicesManagerImpl] - Loaded 1 services.
2017-08-10 11:30:05,861 INFO [org.jasig.cas.services.DefaultServicesManagerImpl] - Reloading registered services.
2017-08-10 11:30:05,862 INFO [org.jasig.cas.services.DefaultServicesManagerImpl] - Loaded 1 services.
2017-08-10 11:32:05,860 INFO [org.jasig.cas.services.DefaultServicesManagerImpl] - Reloading registered services.
2017-08-10 11:32:05,860 INFO [org.jasig.cas.services.DefaultServicesManagerImpl] - Loaded 1 services.
