Performance Statistics   2017-08-10 09:29:00 - 2017-08-10 09:30:00
Tag                                                  Avg(ms)         Min         Max     Std Dev       Count
AUTHENTICATE                                             7.0           7           7         0.0           1
CREATE_TICKET_GRANTING_TICKET                           10.0          10          10         0.0           1

Performance Statistics   2017-08-10 09:30:00 - 2017-08-10 09:31:00
Tag                                                  Avg(ms)         Min         Max     Std Dev       Count
AUTHENTICATE                                             4.0           4           4         0.0           1
CREATE_TICKET_GRANTING_TICKET                           11.0          11          11         0.0           1

Performance Statistics   2017-08-10 09:31:00 - 2017-08-10 09:32:00
Tag                                                  Avg(ms)         Min         Max     Std Dev       Count

Performance Statistics   2017-08-10 09:32:00 - 2017-08-10 09:33:00
Tag                                                  Avg(ms)         Min         Max     Std Dev       Count

Performance Statistics   2017-08-10 09:33:00 - 2017-08-10 09:34:00
Tag                                                  Avg(ms)         Min         Max     Std Dev       Count

Performance Statistics   2017-08-10 09:34:00 - 2017-08-10 09:35:00
Tag                                                  Avg(ms)         Min         Max     Std Dev       Count

Performance Statistics   2017-08-10 09:35:00 - 2017-08-10 09:36:00
Tag                                                  Avg(ms)         Min         Max     Std Dev       Count

Performance Statistics   2017-08-10 09:36:00 - 2017-08-10 09:37:00
Tag                                                  Avg(ms)         Min         Max     Std Dev       Count

Performance Statistics   2017-08-10 09:37:00 - 2017-08-10 09:38:00
Tag                                                  Avg(ms)         Min         Max     Std Dev       Count

Performance Statistics   2017-08-10 09:38:00 - 2017-08-10 09:39:00
Tag                                                  Avg(ms)         Min         Max     Std Dev       Count

Performance Statistics   2017-08-10 10:35:00 - 2017-08-10 10:36:00
Tag                                                  Avg(ms)         Min         Max     Std Dev       Count

Performance Statistics   2017-08-10 10:40:00 - 2017-08-10 10:41:00
Tag                                                  Avg(ms)         Min         Max     Std Dev       Count

Performance Statistics   2017-08-10 10:51:00 - 2017-08-10 10:52:00
Tag                                                  Avg(ms)         Min         Max     Std Dev       Count
AUTHENTICATE                                            50.7          12          94        33.6           3
CREATE_TICKET_GRANTING_TICKET                           52.7          13          98        34.9           3

Performance Statistics   2017-08-10 10:54:00 - 2017-08-10 10:55:00
Tag                                                  Avg(ms)         Min         Max     Std Dev       Count
AUTHENTICATE                                            64.0          64          64         0.0           1
CREATE_TICKET_GRANTING_TICKET                           67.0          67          67         0.0           1

Performance Statistics   2017-08-10 10:57:00 - 2017-08-10 10:58:00
Tag                                                  Avg(ms)         Min         Max     Std Dev       Count

Performance Statistics   2017-08-10 10:58:00 - 2017-08-10 10:59:00
Tag                                                  Avg(ms)         Min         Max     Std Dev       Count

Performance Statistics   2017-08-10 10:59:00 - 2017-08-10 11:00:00
Tag                                                  Avg(ms)         Min         Max     Std Dev       Count

Performance Statistics   2017-08-10 11:00:00 - 2017-08-10 11:01:00
Tag                                                  Avg(ms)         Min         Max     Std Dev       Count

Performance Statistics   2017-08-10 11:01:00 - 2017-08-10 11:02:00
Tag                                                  Avg(ms)         Min         Max     Std Dev       Count

Performance Statistics   2017-08-10 11:02:00 - 2017-08-10 11:03:00
Tag                                                  Avg(ms)         Min         Max     Std Dev       Count

Performance Statistics   2017-08-10 11:03:00 - 2017-08-10 11:04:00
Tag                                                  Avg(ms)         Min         Max     Std Dev       Count

Performance Statistics   2017-08-10 11:04:00 - 2017-08-10 11:05:00
Tag                                                  Avg(ms)         Min         Max     Std Dev       Count

Performance Statistics   2017-08-10 11:05:00 - 2017-08-10 11:06:00
Tag                                                  Avg(ms)         Min         Max     Std Dev       Count

Performance Statistics   2017-08-10 11:06:00 - 2017-08-10 11:07:00
Tag                                                  Avg(ms)         Min         Max     Std Dev       Count

Performance Statistics   2017-08-10 11:07:00 - 2017-08-10 11:08:00
Tag                                                  Avg(ms)         Min         Max     Std Dev       Count

Performance Statistics   2017-08-10 11:08:00 - 2017-08-10 11:09:00
Tag                                                  Avg(ms)         Min         Max     Std Dev       Count

Performance Statistics   2017-08-10 11:09:00 - 2017-08-10 11:10:00
Tag                                                  Avg(ms)         Min         Max     Std Dev       Count

Performance Statistics   2017-08-10 11:10:00 - 2017-08-10 11:11:00
Tag                                                  Avg(ms)         Min         Max     Std Dev       Count

Performance Statistics   2017-08-10 11:11:00 - 2017-08-10 11:12:00
Tag                                                  Avg(ms)         Min         Max     Std Dev       Count

Performance Statistics   2017-08-10 11:12:00 - 2017-08-10 11:13:00
Tag                                                  Avg(ms)         Min         Max     Std Dev       Count

Performance Statistics   2017-08-10 11:13:00 - 2017-08-10 11:14:00
Tag                                                  Avg(ms)         Min         Max     Std Dev       Count

Performance Statistics   2017-08-10 11:14:00 - 2017-08-10 11:15:00
Tag                                                  Avg(ms)         Min         Max     Std Dev       Count

Performance Statistics   2017-08-10 11:15:00 - 2017-08-10 11:16:00
Tag                                                  Avg(ms)         Min         Max     Std Dev       Count

Performance Statistics   2017-08-10 11:16:00 - 2017-08-10 11:17:00
Tag                                                  Avg(ms)         Min         Max     Std Dev       Count

Performance Statistics   2017-08-10 11:17:00 - 2017-08-10 11:18:00
Tag                                                  Avg(ms)         Min         Max     Std Dev       Count

Performance Statistics   2017-08-10 11:18:00 - 2017-08-10 11:19:00
Tag                                                  Avg(ms)         Min         Max     Std Dev       Count

Performance Statistics   2017-08-10 11:19:00 - 2017-08-10 11:20:00
Tag                                                  Avg(ms)         Min         Max     Std Dev       Count

Performance Statistics   2017-08-10 11:20:00 - 2017-08-10 11:21:00
Tag                                                  Avg(ms)         Min         Max     Std Dev       Count

Performance Statistics   2017-08-10 11:21:00 - 2017-08-10 11:22:00
Tag                                                  Avg(ms)         Min         Max     Std Dev       Count

Performance Statistics   2017-08-10 11:22:00 - 2017-08-10 11:23:00
Tag                                                  Avg(ms)         Min         Max     Std Dev       Count

Performance Statistics   2017-08-10 11:23:00 - 2017-08-10 11:24:00
Tag                                                  Avg(ms)         Min         Max     Std Dev       Count

Performance Statistics   2017-08-10 11:24:00 - 2017-08-10 11:25:00
Tag                                                  Avg(ms)         Min         Max     Std Dev       Count

Performance Statistics   2017-08-10 11:25:00 - 2017-08-10 11:26:00
Tag                                                  Avg(ms)         Min         Max     Std Dev       Count

Performance Statistics   2017-08-10 11:26:00 - 2017-08-10 11:27:00
Tag                                                  Avg(ms)         Min         Max     Std Dev       Count

Performance Statistics   2017-08-10 11:27:00 - 2017-08-10 11:28:00
Tag                                                  Avg(ms)         Min         Max     Std Dev       Count

Performance Statistics   2017-08-10 11:28:00 - 2017-08-10 11:29:00
Tag                                                  Avg(ms)         Min         Max     Std Dev       Count

Performance Statistics   2017-08-10 11:29:00 - 2017-08-10 11:30:00
Tag                                                  Avg(ms)         Min         Max     Std Dev       Count

Performance Statistics   2017-08-10 11:30:00 - 2017-08-10 11:31:00
Tag                                                  Avg(ms)         Min         Max     Std Dev       Count

Performance Statistics   2017-08-10 11:31:00 - 2017-08-10 11:32:00
Tag                                                  Avg(ms)         Min         Max     Std Dev       Count

